* using log directory ‘/Users/clear/Lordofthering/TheLordoftheRings.Rcheck’
* using R version 3.5.2 (2018-12-20)
* using platform: x86_64-apple-darwin15.6.0 (64-bit)
* using session charset: UTF-8
* using options ‘--no-manual --as-cran’
* checking for file ‘TheLordoftheRings/DESCRIPTION’ ... OK
* checking extension type ... Package
* this is package ‘TheLordoftheRings’ version ‘0.1.0’
* package encoding: UTF-8
* checking package namespace information ... OK
* checking package dependencies ... OK
* checking if this is a source package ... OK
* checking if there is a namespace ... OK
* checking for executable files ... OK
* checking for hidden files and directories ... OK
* checking for portable file names ... OK
* checking for sufficient/correct file permissions ... OK
* checking serialization versions ... OK
* checking whether package ‘TheLordoftheRings’ can be installed ... OK
* checking installed package size ... OK
* checking package directory ... OK
* checking DESCRIPTION meta-information ... WARNING
Non-standard license specification:
  MIT, GPL-3
Standardizable: FALSE
* checking top-level files ... NOTE
Non-standard file/directory found at top level:
  ‘data.R’
* checking for left-over files ... OK
* checking index information ... OK
* checking package subdirectories ... OK
* checking whether the package can be loaded ... OK
* checking whether the package can be loaded with stated dependencies ... OK
* checking whether the package can be unloaded cleanly ... OK
* checking whether the namespace can be loaded with stated dependencies ... OK
* checking whether the namespace can be unloaded cleanly ... OK
* checking examples ... NONE
* DONE
Status: 1 WARNING, 1 NOTE
